d:\study\itmo\2\компьютерная графика реального времени\mygraphicframework\mygraphicframework\x64\debug\vc143.pdb
d:\study\itmo\2\компьютерная графика реального времени\mygraphicframework\mygraphicframework\x64\debug\vc143.idb
d:\study\itmo\2\компьютерная графика реального времени\mygraphicframework\mygraphicframework\x64\debug\trianglecomponent.obj
d:\study\itmo\2\компьютерная графика реального времени\mygraphicframework\mygraphicframework\x64\debug\main.obj
d:\study\itmo\2\компьютерная графика реального времени\mygraphicframework\mygraphicframework\x64\debug\inputdevice.obj
d:\study\itmo\2\компьютерная графика реального времени\mygraphicframework\mygraphicframework\x64\debug\game.obj
d:\study\itmo\2\компьютерная графика реального времени\mygraphicframework\mygraphicframework\x64\debug\displaywin32.obj
d:\study\itmo\2\компьютерная графика реального времени\mygraphicframework\mygraphicframework\x64\debug\delegates.obj
d:\study\itmo\2\компьютерная графика реального времени\mygraphicframework\x64\debug\xapobaseredist.pdb
d:\study\itmo\2\компьютерная графика реального времени\mygraphicframework\x64\debug\xaudio2_9redist.pdb
d:\study\itmo\2\компьютерная графика реального времени\mygraphicframework\x64\debug\xaudio2_9redist.dll
d:\study\itmo\2\компьютерная графика реального времени\mygraphicframework\x64\debug\mainshader.cso
d:\study\itmo\2\компьютерная графика реального времени\mygraphicframework\x64\debug\mygraphicframework.pdb
d:\study\itmo\2\компьютерная графика реального времени\mygraphicframework\mygraphicframework\x64\debug\mygraphi.8dceca4b.tlog\cl.command.1.tlog
d:\study\itmo\2\компьютерная графика реального времени\mygraphicframework\mygraphicframework\x64\debug\mygraphi.8dceca4b.tlog\cl.read.1.tlog
d:\study\itmo\2\компьютерная графика реального времени\mygraphicframework\mygraphicframework\x64\debug\mygraphi.8dceca4b.tlog\cl.write.1.tlog
d:\study\itmo\2\компьютерная графика реального времени\mygraphicframework\mygraphicframework\x64\debug\mygraphi.8dceca4b.tlog\copylocal.read.1u.tlog
d:\study\itmo\2\компьютерная графика реального времени\mygraphicframework\mygraphicframework\x64\debug\mygraphi.8dceca4b.tlog\copylocal.write.1u.tlog
d:\study\itmo\2\компьютерная графика реального времени\mygraphicframework\mygraphicframework\x64\debug\mygraphi.8dceca4b.tlog\fxc.command.1.tlog
d:\study\itmo\2\компьютерная графика реального времени\mygraphicframework\mygraphicframework\x64\debug\mygraphi.8dceca4b.tlog\fxc.read.1.tlog
d:\study\itmo\2\компьютерная графика реального времени\mygraphicframework\mygraphicframework\x64\debug\mygraphi.8dceca4b.tlog\fxc.write.1.tlog
d:\study\itmo\2\компьютерная графика реального времени\mygraphicframework\mygraphicframework\x64\debug\mygraphi.8dceca4b.tlog\link-cvtres.read.1.tlog
d:\study\itmo\2\компьютерная графика реального времени\mygraphicframework\mygraphicframework\x64\debug\mygraphi.8dceca4b.tlog\link-cvtres.write.1.tlog
d:\study\itmo\2\компьютерная графика реального времени\mygraphicframework\mygraphicframework\x64\debug\mygraphi.8dceca4b.tlog\link-rc.read.1.tlog
d:\study\itmo\2\компьютерная графика реального времени\mygraphicframework\mygraphicframework\x64\debug\mygraphi.8dceca4b.tlog\link-rc.write.1.tlog
d:\study\itmo\2\компьютерная графика реального времени\mygraphicframework\mygraphicframework\x64\debug\mygraphi.8dceca4b.tlog\link.command.1.tlog
d:\study\itmo\2\компьютерная графика реального времени\mygraphicframework\mygraphicframework\x64\debug\mygraphi.8dceca4b.tlog\link.read.1.tlog
d:\study\itmo\2\компьютерная графика реального времени\mygraphicframework\mygraphicframework\x64\debug\mygraphi.8dceca4b.tlog\link.read.2.tlog
d:\study\itmo\2\компьютерная графика реального времени\mygraphicframework\mygraphicframework\x64\debug\mygraphi.8dceca4b.tlog\link.read.3.tlog
d:\study\itmo\2\компьютерная графика реального времени\mygraphicframework\mygraphicframework\x64\debug\mygraphi.8dceca4b.tlog\link.read.4.tlog
d:\study\itmo\2\компьютерная графика реального времени\mygraphicframework\mygraphicframework\x64\debug\mygraphi.8dceca4b.tlog\link.read.5.tlog
d:\study\itmo\2\компьютерная графика реального времени\mygraphicframework\mygraphicframework\x64\debug\mygraphi.8dceca4b.tlog\link.read.6.tlog
d:\study\itmo\2\компьютерная графика реального времени\mygraphicframework\mygraphicframework\x64\debug\mygraphi.8dceca4b.tlog\link.write.1.tlog
